<?xml version="1.0" encoding="UTF-8"?>
<!-- Generated by org.testng.reporters.JUnitXMLReporter -->
<testsuite ignored="0" hostname="MYLAPTOP" failures="1" tests="1" name="Default test" time="37.896" errors="0" timestamp="2025-07-25T11:42:53 IST">
  <testcase classname="AutoTesting.AppiumT.Privacy_policy" name="@AfterClass tearDown" time="1.373">
    <failure type="org.openqa.selenium.WebDriverException" message="An unknown server-side error occurred while processing the command. Original error: Error executing adbExec. Original error: &amp;apos;Command &amp;apos;C:\\Users\\Shuaib.Malik\\AppData\\Local\\Android\\Sdk\\platform-tools\\adb.exe -P 5037 -s emulator-5554 shell &amp;apos;settings delete global hidden_api_policy_pre_p_apps;settings delete global hidden_api_policy_p_apps;settings delete global hidden_api_policy&amp;apos;&amp;apos; exited with code 20&amp;apos;; Command output: cmd: Can&amp;apos;t find service: settings
cmd: Can&amp;apos;t find service: settings
cmd: Can&amp;apos;t find service: settings

Build info: version: &amp;apos;4.10.0&amp;apos;, revision: &amp;apos;c14d967899&amp;apos;
System info: os.name: &amp;apos;Windows 11&amp;apos;, os.arch: &amp;apos;amd64&amp;apos;, os.version: &amp;apos;10.0&amp;apos;, java.version: &amp;apos;21.0.7&amp;apos;
Driver info: io.appium.java_client.android.AndroidDriver
Command: [6f89ad51-6c61-4ed3-95f8-be980a4d2a2f, quit {}]
Capabilities {appium:app: C:\Users\Shuaib.Malik\eclip..., appium:appActivity: com.unbiasly.app.MainActivity, appium:appPackage: com.unbiasly.app, appium:automationName: UIAutomator2, appium:databaseEnabled: false, appium:desired: {app: C:\Users\Shuaib.Malik\eclip..., automationName: UIAutomator2, deviceName: ShuaibMobile, platformName: ANDROID}, appium:deviceApiLevel: 32, appium:deviceManufacturer: Google, appium:deviceModel: sdk_gphone64_x86_64, appium:deviceName: emulator-5554, appium:deviceScreenDensity: 560, appium:deviceScreenSize: 1440x3120, appium:deviceUDID: emulator-5554, appium:javascriptEnabled: true, appium:locationContextEnabled: false, appium:networkConnectionEnabled: true, appium:pixelRatio: 3.5, appium:platformVersion: 12, appium:statBarHeight: 84, appium:takesScreenshot: true, appium:viewportRect: {height: 3036, left: 0, top: 84, width: 1440}, appium:warnings: {}, appium:webStorageEnabled: false, platformName: ANDROID}
Session ID: 6f89ad51-6c61-4ed3-95f8-be980a4d2a2f">
      <![CDATA[org.openqa.selenium.WebDriverException: An unknown server-side error occurred while processing the command. Original error: Error executing adbExec. Original error: 'Command 'C:\\Users\\Shuaib.Malik\\AppData\\Local\\Android\\Sdk\\platform-tools\\adb.exe -P 5037 -s emulator-5554 shell 'settings delete global hidden_api_policy_pre_p_apps;settings delete global hidden_api_policy_p_apps;settings delete global hidden_api_policy'' exited with code 20'; Command output: cmd: Can't find service: settings
cmd: Can't find service: settings
cmd: Can't find service: settings

Build info: version: '4.10.0', revision: 'c14d967899'
System info: os.name: 'Windows 11', os.arch: 'amd64', os.version: '10.0', java.version: '21.0.7'
Driver info: io.appium.java_client.android.AndroidDriver
Command: [6f89ad51-6c61-4ed3-95f8-be980a4d2a2f, quit {}]
Capabilities {appium:app: C:\Users\Shuaib.Malik\eclip..., appium:appActivity: com.unbiasly.app.MainActivity, appium:appPackage: com.unbiasly.app, appium:automationName: UIAutomator2, appium:databaseEnabled: false, appium:desired: {app: C:\Users\Shuaib.Malik\eclip..., automationName: UIAutomator2, deviceName: ShuaibMobile, platformName: ANDROID}, appium:deviceApiLevel: 32, appium:deviceManufacturer: Google, appium:deviceModel: sdk_gphone64_x86_64, appium:deviceName: emulator-5554, appium:deviceScreenDensity: 560, appium:deviceScreenSize: 1440x3120, appium:deviceUDID: emulator-5554, appium:javascriptEnabled: true, appium:locationContextEnabled: false, appium:networkConnectionEnabled: true, appium:pixelRatio: 3.5, appium:platformVersion: 12, appium:statBarHeight: 84, appium:takesScreenshot: true, appium:viewportRect: {height: 3036, left: 0, top: 84, width: 1440}, appium:warnings: {}, appium:webStorageEnabled: false, platformName: ANDROID}
Session ID: 6f89ad51-6c61-4ed3-95f8-be980a4d2a2f
at java.base/jdk.internal.reflect.DirectConstructorHandleAccessor.newInstance(DirectConstructorHandleAccessor.java:62)
at java.base/java.lang.reflect.Constructor.newInstanceWithCaller(Constructor.java:502)
at java.base/java.lang.reflect.Constructor.newInstance(Constructor.java:486)
at org.openqa.selenium.remote.codec.w3c.W3CHttpResponseCodec.createException(W3CHttpResponseCodec.java:199)
at org.openqa.selenium.remote.codec.w3c.W3CHttpResponseCodec.decode(W3CHttpResponseCodec.java:132)
at org.openqa.selenium.remote.codec.w3c.W3CHttpResponseCodec.decode(W3CHttpResponseCodec.java:51)
at org.openqa.selenium.remote.HttpCommandExecutor.execute(HttpCommandExecutor.java:191)
at io.appium.java_client.remote.AppiumCommandExecutor.execute(AppiumCommandExecutor.java:250)
at org.openqa.selenium.remote.RemoteWebDriver.execute(RemoteWebDriver.java:531)
at org.openqa.selenium.remote.RemoteWebDriver.execute(RemoteWebDriver.java:590)
at io.appium.java_client.AppiumDriver.execute(AppiumDriver.java:313)
at org.openqa.selenium.remote.RemoteWebDriver.quit(RemoteWebDriver.java:446)
at AutoTesting.AppiumT.Privacy_policy.tearDown(Privacy_policy.java:254)
at java.base/jdk.internal.reflect.DirectMethodHandleAccessor.invoke(DirectMethodHandleAccessor.java:103)
at java.base/java.lang.reflect.Method.invoke(Method.java:580)
at org.testng.internal.invokers.MethodInvocationHelper.invokeMethod(MethodInvocationHelper.java:141)
at org.testng.internal.invokers.MethodInvocationHelper.invokeMethodConsideringTimeout(MethodInvocationHelper.java:71)
at org.testng.internal.invokers.ConfigInvoker.invokeConfigurationMethod(ConfigInvoker.java:400)
at org.testng.internal.invokers.ConfigInvoker.invokeConfigurations(ConfigInvoker.java:333)
at org.testng.internal.invokers.TestMethodWorker.invokeAfterClassConfigurations(TestMethodWorker.java:238)
at org.testng.internal.invokers.TestMethodWorker.invokeAfterClassMethods(TestMethodWorker.java:223)
at org.testng.internal.invokers.TestMethodWorker.run(TestMethodWorker.java:137)
at java.base/java.util.ArrayList.forEach(ArrayList.java:1596)
at org.testng.TestRunner.privateRun(TestRunner.java:741)
at org.testng.TestRunner.run(TestRunner.java:616)
at org.testng.SuiteRunner.runTest(SuiteRunner.java:421)
at org.testng.SuiteRunner.runSequentially(SuiteRunner.java:413)
at org.testng.SuiteRunner.privateRun(SuiteRunner.java:373)
at org.testng.SuiteRunner.run(SuiteRunner.java:312)
at org.testng.SuiteRunnerWorker.runSuite(SuiteRunnerWorker.java:52)
at org.testng.SuiteRunnerWorker.run(SuiteRunnerWorker.java:95)
at org.testng.TestNG.runSuitesSequentially(TestNG.java:1274)
at org.testng.TestNG.runSuitesLocally(TestNG.java:1208)
at org.testng.TestNG.runSuites(TestNG.java:1112)
at org.testng.TestNG.run(TestNG.java:1079)
at org.testng.remote.AbstractRemoteTestNG.run(AbstractRemoteTestNG.java:115)
at org.testng.remote.RemoteTestNG.initAndRun(RemoteTestNG.java:293)
at org.testng.remote.RemoteTestNG.main(RemoteTestNG.java:91)
]]>
    </failure>
  </testcase> <!-- @AfterClass tearDown -->
  <testcase classname="AutoTesting.AppiumT.Privacy_policy" name="notifi" time="20.337">
    <failure type="java.lang.AssertionError" message="Test case failed: An unknown server-side error occurred while processing the command. Original error: Could not proxy command to the remote server. Original error: socket hang up
Build info: version: &amp;apos;4.10.0&amp;apos;, revision: &amp;apos;c14d967899&amp;apos;
System info: os.name: &amp;apos;Windows 11&amp;apos;, os.arch: &amp;apos;amd64&amp;apos;, os.version: &amp;apos;10.0&amp;apos;, java.version: &amp;apos;21.0.7&amp;apos;
Driver info: io.appium.java_client.android.AndroidDriver
Command: [6f89ad51-6c61-4ed3-95f8-be980a4d2a2f, findElement {using=xpath, value=//android.widget.ImageView[@content-desc=&amp;apos;Profile
Tab 4 of 4&amp;apos;]}]
Capabilities {appium:app: C:\Users\Shuaib.Malik\eclip..., appium:appActivity: com.unbiasly.app.MainActivity, appium:appPackage: com.unbiasly.app, appium:automationName: UIAutomator2, appium:databaseEnabled: false, appium:desired: {app: C:\Users\Shuaib.Malik\eclip..., automationName: UIAutomator2, deviceName: ShuaibMobile, platformName: ANDROID}, appium:deviceApiLevel: 32, appium:deviceManufacturer: Google, appium:deviceModel: sdk_gphone64_x86_64, appium:deviceName: emulator-5554, appium:deviceScreenDensity: 560, appium:deviceScreenSize: 1440x3120, appium:deviceUDID: emulator-5554, appium:javascriptEnabled: true, appium:locationContextEnabled: false, appium:networkConnectionEnabled: true, appium:pixelRatio: 3.5, appium:platformVersion: 12, appium:statBarHeight: 84, appium:takesScreenshot: true, appium:viewportRect: {height: 3036, left: 0, top: 84, width: 1440}, appium:warnings: {}, appium:webStorageEnabled: false, platformName: ANDROID}
Session ID: 6f89ad51-6c61-4ed3-95f8-be980a4d2a2f">
      <![CDATA[java.lang.AssertionError: Test case failed: An unknown server-side error occurred while processing the command. Original error: Could not proxy command to the remote server. Original error: socket hang up
Build info: version: '4.10.0', revision: 'c14d967899'
System info: os.name: 'Windows 11', os.arch: 'amd64', os.version: '10.0', java.version: '21.0.7'
Driver info: io.appium.java_client.android.AndroidDriver
Command: [6f89ad51-6c61-4ed3-95f8-be980a4d2a2f, findElement {using=xpath, value=//android.widget.ImageView[@content-desc='Profile
Tab 4 of 4']}]
Capabilities {appium:app: C:\Users\Shuaib.Malik\eclip..., appium:appActivity: com.unbiasly.app.MainActivity, appium:appPackage: com.unbiasly.app, appium:automationName: UIAutomator2, appium:databaseEnabled: false, appium:desired: {app: C:\Users\Shuaib.Malik\eclip..., automationName: UIAutomator2, deviceName: ShuaibMobile, platformName: ANDROID}, appium:deviceApiLevel: 32, appium:deviceManufacturer: Google, appium:deviceModel: sdk_gphone64_x86_64, appium:deviceName: emulator-5554, appium:deviceScreenDensity: 560, appium:deviceScreenSize: 1440x3120, appium:deviceUDID: emulator-5554, appium:javascriptEnabled: true, appium:locationContextEnabled: false, appium:networkConnectionEnabled: true, appium:pixelRatio: 3.5, appium:platformVersion: 12, appium:statBarHeight: 84, appium:takesScreenshot: true, appium:viewportRect: {height: 3036, left: 0, top: 84, width: 1440}, appium:warnings: {}, appium:webStorageEnabled: false, platformName: ANDROID}
Session ID: 6f89ad51-6c61-4ed3-95f8-be980a4d2a2f
at org.testng.Assert.fail(Assert.java:111)
at AutoTesting.AppiumT.Privacy_policy.notifi(Privacy_policy.java:199)
at java.base/jdk.internal.reflect.DirectMethodHandleAccessor.invoke(DirectMethodHandleAccessor.java:103)
at java.base/java.lang.reflect.Method.invoke(Method.java:580)
at org.testng.internal.invokers.MethodInvocationHelper.invokeMethod(MethodInvocationHelper.java:141)
at org.testng.internal.invokers.TestInvoker.invokeMethod(TestInvoker.java:687)
at org.testng.internal.invokers.TestInvoker.invokeTestMethod(TestInvoker.java:230)
at org.testng.internal.invokers.MethodRunner.runInSequence(MethodRunner.java:63)
at org.testng.internal.invokers.TestInvoker$MethodInvocationAgent.invoke(TestInvoker.java:995)
at org.testng.internal.invokers.TestInvoker.invokeTestMethods(TestInvoker.java:203)
at org.testng.internal.invokers.TestMethodWorker.invokeTestMethods(TestMethodWorker.java:154)
at org.testng.internal.invokers.TestMethodWorker.run(TestMethodWorker.java:134)
at java.base/java.util.ArrayList.forEach(ArrayList.java:1596)
at org.testng.TestRunner.privateRun(TestRunner.java:741)
at org.testng.TestRunner.run(TestRunner.java:616)
at org.testng.SuiteRunner.runTest(SuiteRunner.java:421)
at org.testng.SuiteRunner.runSequentially(SuiteRunner.java:413)
at org.testng.SuiteRunner.privateRun(SuiteRunner.java:373)
at org.testng.SuiteRunner.run(SuiteRunner.java:312)
at org.testng.SuiteRunnerWorker.runSuite(SuiteRunnerWorker.java:52)
at org.testng.SuiteRunnerWorker.run(SuiteRunnerWorker.java:95)
at org.testng.TestNG.runSuitesSequentially(TestNG.java:1274)
at org.testng.TestNG.runSuitesLocally(TestNG.java:1208)
at org.testng.TestNG.runSuites(TestNG.java:1112)
at org.testng.TestNG.run(TestNG.java:1079)
at org.testng.remote.AbstractRemoteTestNG.run(AbstractRemoteTestNG.java:115)
at org.testng.remote.RemoteTestNG.initAndRun(RemoteTestNG.java:293)
at org.testng.remote.RemoteTestNG.main(RemoteTestNG.java:91)
]]>
    </failure>
  </testcase> <!-- notifi -->
</testsuite> <!-- Default test -->
